<?xml version="1.0" encoding="UTF-8"?>
<testsuite name="com.sp.fc.Test1" tests="1" skipped="0" failures="0" errors="0" timestamp="2022-11-17T07:43:48" hostname="DESKTOP-I53A0B0" time="0.014">
  <properties/>
  <testcase name="1. 테스트" classname="com.sp.fc.Test1" time="0.014"/>
  <system-out><![CDATA[]]></system-out>
  <system-err><![CDATA[]]></system-err>
</testsuite>
